d:\users\home\desktop\repo\calculatorm\consoleapplication1\debug\consoleapplication1.pch
d:\users\home\desktop\repo\calculatorm\consoleapplication1\debug\vc142.pdb
d:\users\home\desktop\repo\calculatorm\consoleapplication1\debug\stdafx.obj
d:\users\home\desktop\repo\calculatorm\consoleapplication1\debug\tproc.obj
d:\users\home\desktop\repo\calculatorm\consoleapplication1\debug\tmemory.obj
d:\users\home\desktop\repo\calculatorm\consoleapplication1\debug\tctrl.obj
d:\users\home\desktop\repo\calculatorm\consoleapplication1\debug\source.obj
d:\users\home\desktop\repo\calculatorm\consoleapplication1\debug\myform.obj
d:\users\home\desktop\repo\calculatorm\consoleapplication1\debug\history.obj
d:\users\home\desktop\repo\calculatorm\consoleapplication1\debug\assemblyinfo.obj
d:\users\home\desktop\repo\calculatorm\consoleapplication1\debug\tfraceditor.obj
d:\users\home\desktop\repo\calculatorm\consoleapplication1\debug\tfrac.obj
d:\users\home\desktop\repo\calculatorm\consoleapplication1\debug\.netframework,version=v4.6.1.assemblyattributes.obj
d:\users\home\desktop\repo\calculatorm\consoleapplication1\debug\consoleapplication1.myform.resources
d:\users\home\desktop\repo\calculatorm\consoleapplication1\debug\consoleapplication1.myform.aa.resources
d:\users\home\desktop\repo\calculatorm\consoleapplication1\debug\consoleapplication1.myform.ru.resources
d:\users\home\desktop\repo\calculatorm\debug\aa\consoleapplication1.resources.dll
d:\users\home\desktop\repo\calculatorm\debug\ru\consoleapplication1.resources.dll
d:\users\home\desktop\repo\calculatorm\debug\consoleapplication1.exe
d:\users\home\desktop\repo\calculatorm\debug\consoleapplication1.pdb
d:\users\home\desktop\repo\calculatorm\consoleapplication1\debug\app.res
d:\users\home\desktop\repo\calculatorm\consoleapplication1\debug\consolea.c29dad5f.tlog\cl.command.1.tlog
d:\users\home\desktop\repo\calculatorm\consoleapplication1\debug\consolea.c29dad5f.tlog\cl.read.1.tlog
d:\users\home\desktop\repo\calculatorm\consoleapplication1\debug\consolea.c29dad5f.tlog\cl.write.1.tlog
d:\users\home\desktop\repo\calculatorm\consoleapplication1\debug\consolea.c29dad5f.tlog\consoleapplication1.write.1u.tlog
d:\users\home\desktop\repo\calculatorm\consoleapplication1\debug\consolea.c29dad5f.tlog\link.command.1.tlog
d:\users\home\desktop\repo\calculatorm\consoleapplication1\debug\consolea.c29dad5f.tlog\link.read.1.tlog
d:\users\home\desktop\repo\calculatorm\consoleapplication1\debug\consolea.c29dad5f.tlog\link.write.1.tlog
d:\users\home\desktop\repo\calculatorm\consoleapplication1\debug\consolea.c29dad5f.tlog\metagen.read.1.tlog
d:\users\home\desktop\repo\calculatorm\consoleapplication1\debug\consolea.c29dad5f.tlog\metagen.write.1.tlog
d:\users\home\desktop\repo\calculatorm\consoleapplication1\debug\consolea.c29dad5f.tlog\rc.command.1.tlog
d:\users\home\desktop\repo\calculatorm\consoleapplication1\debug\consolea.c29dad5f.tlog\rc.read.1.tlog
d:\users\home\desktop\repo\calculatorm\consoleapplication1\debug\consolea.c29dad5f.tlog\rc.write.1.tlog
